<?xml version="1.0" encoding="UTF-8"?>
<TestRun id="fb8cea31-3876-4dde-aca4-eab2b0a3368a" name="Suraj@SURAJ-LAPTOP 2017-07-13 20:37:48" runUser="SURAJ-LAPTOP\Suraj" xmlns="http://microsoft.com/schemas/VisualStudio/TeamTest/2010">
  <TestSettings name="Default Test Settings" id="d663d5e9-acc1-4c1c-808b-e7c91602460a">
    <Execution>
      <TestTypeSpecific />
      <AgentRule name="Execution Agents">
      </AgentRule>
    </Execution>
    <Deployment runDeploymentRoot="Suraj_SURAJ-LAPTOP 2017-07-13 20_37_48" />
    <Properties />
  </TestSettings>
  <Times creation="2017-07-13T20:37:48.9253041+05:30" queuing="2017-07-13T20:37:50.0906059+05:30" start="2017-07-13T20:37:50.2831155+05:30" finish="2017-07-13T20:37:50.8008419+05:30" />
  <ResultSummary outcome="Failed">
    <Counters total="2" executed="2" error="0" failed="2" timeout="0" aborted="0" inconclusive="0" passedButRunAborted="0" notRunnable="0" notExecuted="0" disconnected="0" warning="0" passed="0" completed="0" inProgress="0" pending="0" />
  </ResultSummary>
  <TestDefinitions>
    <UnitTest name="ViewMiniStatement" storage="firstislandbankcorporation.tests.dll" id="f987c336-ec19-d572-5523-23232b5fc6fd">
      <Execution id="6f379407-ca0d-4613-aa40-91535fb07e6d" />
      <TestMethod codeBase="E:/ThinkSimple/ContinousIntegration/Evaluator Pack/FirstIslandBankCorporation/FirstIslandBankCorporation.Tests/bin/Debug/FirstIslandBankCorporation.Tests.dll" adapterTypeName="Microsoft.VisualStudio.TestTools.TestTypes.Unit.UnitTestAdapter, Microsoft.VisualStudio.QualityTools.Tips.UnitTest.Adapter, Version=14.0.0.0, Culture=neutral, PublicKeyToken=b03f5f7f11d50a3a" className="FirstIslandBankCorporation.Tests.Controllers.MiniStatementControllerTest, FirstIslandBankCorporation.Tests, Version=1.0.0.0, Culture=neutral, PublicKeyToken=null" name="ViewMiniStatement" />
    </UnitTest>
    <UnitTest name="Login" storage="firstislandbankcorporation.tests.dll" id="903e39f9-e627-7a10-93a4-db0c5f7e34d2">
      <Execution id="5aa29172-6d17-4ee9-9b10-678ffcf4730b" />
      <TestMethod codeBase="E:/ThinkSimple/ContinousIntegration/Evaluator Pack/FirstIslandBankCorporation/FirstIslandBankCorporation.Tests/bin/Debug/FirstIslandBankCorporation.Tests.dll" adapterTypeName="Microsoft.VisualStudio.TestTools.TestTypes.Unit.UnitTestAdapter, Microsoft.VisualStudio.QualityTools.Tips.UnitTest.Adapter, Version=14.0.0.0, Culture=neutral, PublicKeyToken=b03f5f7f11d50a3a" className="FirstIslandBankCorporation.Tests.Controllers.MiniStatementControllerTest, FirstIslandBankCorporation.Tests, Version=1.0.0.0, Culture=neutral, PublicKeyToken=null" name="Login" />
    </UnitTest>
  </TestDefinitions>
  <TestLists>
    <TestList name="Results Not in a List" id="8c84fa94-04c1-424b-9868-57a2d4851a1d" />
    <TestList name="All Loaded Results" id="19431567-8539-422a-85d7-44ee4e166bda" />
  </TestLists>
  <TestEntries>
    <TestEntry testId="903e39f9-e627-7a10-93a4-db0c5f7e34d2" executionId="5aa29172-6d17-4ee9-9b10-678ffcf4730b" testListId="8c84fa94-04c1-424b-9868-57a2d4851a1d" />
    <TestEntry testId="f987c336-ec19-d572-5523-23232b5fc6fd" executionId="6f379407-ca0d-4613-aa40-91535fb07e6d" testListId="8c84fa94-04c1-424b-9868-57a2d4851a1d" />
  </TestEntries>
  <Results>
    <UnitTestResult executionId="5aa29172-6d17-4ee9-9b10-678ffcf4730b" testId="903e39f9-e627-7a10-93a4-db0c5f7e34d2" testName="Login" computerName="SURAJ-LAPTOP" startTime="2017-07-13T20:37:50.3222234+05:30" endTime="2017-07-13T20:37:50.7536905+05:30" testType="13cdc9d9-ddb5-4fa4-a97d-d965ccfc6d4b" outcome="Failed" testListId="8c84fa94-04c1-424b-9868-57a2d4851a1d" relativeResultsDirectory="5aa29172-6d17-4ee9-9b10-678ffcf4730b">
      <Output>
        <ErrorInfo>
          <Message>Assembly Initialization method FirstIslandBankCorporation.Tests.Controllers.MiniStatementControllerTest.SetUp threw exception. OpenQA.Selenium.DriverServiceNotFoundException: OpenQA.Selenium.DriverServiceNotFoundException: The chromedriver.exe file does not exist in the current directory or in a directory on the PATH environment variable. The driver can be downloaded at http://chromedriver.storage.googleapis.com/index.html.. Aborting test execution.</Message>
          <StackTrace>    at OpenQA.Selenium.DriverService.FindDriverServiceExecutable(String executableName, Uri downloadUrl)
   at OpenQA.Selenium.Chrome.ChromeDriverService.CreateDefaultService()
   at OpenQA.Selenium.Chrome.ChromeDriver..ctor(ChromeOptions options)
   at OpenQA.Selenium.Chrome.ChromeDriver..ctor()
   at FirstIslandBankCorporation.Tests.Controllers.MiniStatementControllerTest.SetUp(TestContext context) in E:\ThinkSimple\ContinousIntegration\Evaluator Pack\FirstIslandBankCorporation\FirstIslandBankCorporation.Tests\Controllers\MiniStatementControllerTest.cs:line 24
</StackTrace>
        </ErrorInfo>
      </Output>
    </UnitTestResult>
    <UnitTestResult executionId="6f379407-ca0d-4613-aa40-91535fb07e6d" testId="f987c336-ec19-d572-5523-23232b5fc6fd" testName="ViewMiniStatement" computerName="SURAJ-LAPTOP" startTime="2017-07-13T20:37:50.7546928+05:30" endTime="2017-07-13T20:37:50.7557215+05:30" testType="13cdc9d9-ddb5-4fa4-a97d-d965ccfc6d4b" outcome="Failed" testListId="8c84fa94-04c1-424b-9868-57a2d4851a1d" relativeResultsDirectory="6f379407-ca0d-4613-aa40-91535fb07e6d">
      <Output>
        <ErrorInfo>
          <Message>Assembly Initialization method FirstIslandBankCorporation.Tests.Controllers.MiniStatementControllerTest.SetUp threw exception. OpenQA.Selenium.DriverServiceNotFoundException: OpenQA.Selenium.DriverServiceNotFoundException: The chromedriver.exe file does not exist in the current directory or in a directory on the PATH environment variable. The driver can be downloaded at http://chromedriver.storage.googleapis.com/index.html.. Aborting test execution.</Message>
          <StackTrace>    at OpenQA.Selenium.DriverService.FindDriverServiceExecutable(String executableName, Uri downloadUrl)
   at OpenQA.Selenium.Chrome.ChromeDriverService.CreateDefaultService()
   at OpenQA.Selenium.Chrome.ChromeDriver..ctor(ChromeOptions options)
   at OpenQA.Selenium.Chrome.ChromeDriver..ctor()
   at FirstIslandBankCorporation.Tests.Controllers.MiniStatementControllerTest.SetUp(TestContext context) in E:\ThinkSimple\ContinousIntegration\Evaluator Pack\FirstIslandBankCorporation\FirstIslandBankCorporation.Tests\Controllers\MiniStatementControllerTest.cs:line 24
</StackTrace>
        </ErrorInfo>
      </Output>
    </UnitTestResult>
  </Results>
</TestRun>